Compiling the C compiler identification source file "CMakeCCompilerId.c" failed.
Compiler: C:/Users/justi/Desktop/Programs for CPE 390/msys64/mingw64/bin/gcc.exe 
Build flags: 
Id flags:  

The output was:
1
C:/Users/justi/Desktop/Programs for CPE 390/msys64/mingw64/bin/../lib/gcc/x86_64-w64-mingw32/8.2.1/../../../../x86_64-w64-mingw32/bin/ld.exe: cannot find C:/Users/justi/Desktop/Programs: No such file or directory
C:/Users/justi/Desktop/Programs for CPE 390/msys64/mingw64/bin/../lib/gcc/x86_64-w64-mingw32/8.2.1/../../../../x86_64-w64-mingw32/bin/ld.exe: cannot find for: No such file or directory
C:/Users/justi/Desktop/Programs for CPE 390/msys64/mingw64/bin/../lib/gcc/x86_64-w64-mingw32/8.2.1/../../../../x86_64-w64-mingw32/bin/ld.exe: cannot find CPE: No such file or directory
C:/Users/justi/Desktop/Programs for CPE 390/msys64/mingw64/bin/../lib/gcc/x86_64-w64-mingw32/8.2.1/../../../../x86_64-w64-mingw32/bin/ld.exe: cannot find 390/msys64/mingw64/bin/../lib/gcc/x86_64-w64-mingw32/8.2.1/../../../../x86_64-w64-mingw32/lib/../lib/default-manifest.o: No such file or directory
collect2.exe: error: ld returned 1 exit status


Compiling the CXX compiler identification source file "CMakeCXXCompilerId.cpp" failed.
Compiler: C:/Users/justi/Desktop/Programs for CPE 390/msys64/mingw64/bin/g++.exe 
Build flags: 
Id flags:  

The output was:
1
C:/Users/justi/Desktop/Programs for CPE 390/msys64/mingw64/bin/../lib/gcc/x86_64-w64-mingw32/8.2.1/../../../../x86_64-w64-mingw32/bin/ld.exe: cannot find C:/Users/justi/Desktop/Programs: No such file or directory
C:/Users/justi/Desktop/Programs for CPE 390/msys64/mingw64/bin/../lib/gcc/x86_64-w64-mingw32/8.2.1/../../../../x86_64-w64-mingw32/bin/ld.exe: cannot find for: No such file or directory
C:/Users/justi/Desktop/Programs for CPE 390/msys64/mingw64/bin/../lib/gcc/x86_64-w64-mingw32/8.2.1/../../../../x86_64-w64-mingw32/bin/ld.exe: cannot find CPE: No such file or directory
C:/Users/justi/Desktop/Programs for CPE 390/msys64/mingw64/bin/../lib/gcc/x86_64-w64-mingw32/8.2.1/../../../../x86_64-w64-mingw32/bin/ld.exe: cannot find 390/msys64/mingw64/bin/../lib/gcc/x86_64-w64-mingw32/8.2.1/../../../../x86_64-w64-mingw32/lib/../lib/default-manifest.o: No such file or directory
collect2.exe: error: ld returned 1 exit status


